#
# A fatal error has been detected by the Java Runtime Environment:
#
#  EXCEPTION_ACCESS_VIOLATION (0xc0000005) at pc=0x000007feef5a6f5e, pid=20548, tid=22640
#
# JRE version: Java(TM) SE Runtime Environment (7.0_51-b13) (build 1.7.0_51-b13)
# Java VM: Java HotSpot(TM) 64-Bit Server VM (24.51-b03 mixed mode windows-amd64 compressed oops)
# Problematic frame:
# C  0x000007feef5a6f5e
#
# Failed to write core dump. Minidumps are not enabled by default on client versions of Windows
#
# If you would like to submit a bug report, please visit:
#   http://bugreport.sun.com/bugreport/crash.jsp
# The crash happened outside the Java Virtual Machine in native code.
# See problematic frame for where to report the bug.
#

---------------  T H R E A D  ---------------

Current thread (0x000000000bf5c800):  JavaThread "Thread-2" [_thread_in_native, id=22640, stack(0x0000000010d70000,0x0000000010e70000)]

siginfo: ExceptionCode=0xc0000005, reading address 0x0000000000471330

Registers:
RAX=0x0000000000010001, RBX=0x0000000000471308, RCX=0x0000000077965c3a, RDX=0x0000000000000000
RSP=0x0000000010e6ebf0, RBP=0x0000000000010001, RSI=0x0000000000000000, RDI=0x0000000000471300
R8 =0x0000000010e6eba8, R9 =0x0000000000010001, R10=0x0000000000000000, R11=0x0000000000000246
R12=0x0000000000000000, R13=0x00000000806abe38, R14=0x0000000010e6ed38, R15=0x000000000bf5c800
RIP=0x000007feef5a6f5e, EFLAGS=0x0000000000010206

Top of Stack: (sp=0x0000000010e6ebf0)
0x0000000010e6ebf0:   0000000000471308 0000000000000000
0x0000000010e6ec00:   fffffffffffffffe 0000000010e6ec60
0x0000000010e6ec10:   0000000000000001 000000005f77c4b0
0x0000000010e6ec20:   0000000000000000 000000000beca9c0
0x0000000010e6ec30:   0000000010e6ed38 0000000010e6eca8
0x0000000010e6ec40:   0000000000000000 000000005f781ae4
0x0000000010e6ec50:   000000000223a1a0 0000000000000000
0x0000000010e6ec60:   00000000000003e8 0000000010e6ec68
0x0000000010e6ec70:   00000000025262d3 0000000002533090
0x0000000010e6ec80:   00000000806abe38 0000000010e6ed00
0x0000000010e6ec90:   0000000080002b68 0000000000000000
0x0000000010e6eca0:   00000000000003e8 0000000010e6ed18
0x0000000010e6ecb0:   00000000025260f8 00000000d766e3d0
0x0000000010e6ecc0:   0000000010e6ecc0 0000000000000000
0x0000000010e6ecd0:   0000000010e6ed38 00000000806b0760
0x0000000010e6ece0:   0000000000000000 00000000806abe38 

Instructions: (pc=0x000007feef5a6f5e)
0x000007feef5a6f3e:   
[error occurred during error reporting (printing registers, top of stack, instructions near pc), id 0xc0000005]

Register to memory mapping:

RAX=0x0000000000010001 is an unknown value
RBX=0x0000000000471308 is an unknown value
RCX=0x0000000077965c3a is an unknown value
RDX=0x0000000000000000 is an unknown value
RSP=0x0000000010e6ebf0 is pointing into the stack for thread: 0x000000000bf5c800
RBP=0x0000000000010001 is an unknown value
RSI=0x0000000000000000 is an unknown value
RDI=0x0000000000471300 is an unknown value
R8 =0x0000000010e6eba8 is pointing into the stack for thread: 0x000000000bf5c800
R9 =0x0000000000010001 is an unknown value
R10=0x0000000000000000 is an unknown value
R11=0x0000000000000246 is an unknown value
R12=0x0000000000000000 is an unknown value
R13=0x00000000806abe38 is an oop
{method} 
 - klass: {other class}
R14=0x0000000010e6ed38 is pointing into the stack for thread: 0x000000000bf5c800
R15=0x000000000bf5c800 is a thread


Stack: [0x0000000010d70000,0x0000000010e70000],  sp=0x0000000010e6ebf0,  free space=1018k
Native frames: (J=compiled Java code, j=interpreted, Vv=VM code, C=native code)
C  0x000007feef5a6f5e

Java frames: (J=compiled Java code, j=interpreted, Vv=VM code)
j  sun.java2d.d3d.D3DSurfaceData.initOps(III)V+0
j  sun.java2d.d3d.D3DSurfaceData.<init>(Lsun/awt/windows/WComponentPeer;Lsun/java2d/d3d/D3DGraphicsConfig;IILjava/awt/Image;Ljava/awt/image/ColorModel;IILsun/java2d/pipe/hw/ExtendedBufferCapabilities$VSyncType;I)V+76
j  sun.java2d.d3d.D3DSurfaceData.createData(Lsun/java2d/d3d/D3DGraphicsConfig;IILjava/awt/image/ColorModel;Ljava/awt/Image;I)Lsun/java2d/d3d/D3DSurfaceData;+70
j  sun.java2d.d3d.D3DGraphicsConfig.createManagedSurface(III)Lsun/java2d/SurfaceData;+10
j  sun.java2d.d3d.D3DSurfaceDataProxy.validateSurfaceData(Lsun/java2d/SurfaceData;Lsun/java2d/SurfaceData;II)Lsun/java2d/SurfaceData;+22
j  sun.java2d.SurfaceDataProxy.replaceData(Lsun/java2d/SurfaceData;ILsun/java2d/loops/CompositeType;Ljava/awt/Color;)Lsun/java2d/SurfaceData;+191
j  sun.java2d.SurfaceData.getSourceSurfaceData(Ljava/awt/Image;ILsun/java2d/loops/CompositeType;Ljava/awt/Color;)Lsun/java2d/SurfaceData;+102
j  sun.java2d.pipe.DrawImage.renderImageCopy(Lsun/java2d/SunGraphics2D;Ljava/awt/Image;Ljava/awt/Color;IIIIII)Z+26
j  sun.java2d.pipe.DrawImage.copyImage(Lsun/java2d/SunGraphics2D;Ljava/awt/Image;IILjava/awt/Color;)Z+45
j  sun.java2d.pipe.DrawImage.copyImage(Lsun/java2d/SunGraphics2D;Ljava/awt/Image;IILjava/awt/Color;Ljava/awt/image/ImageObserver;)Z+15
j  sun.java2d.pipe.ValidatePipe.copyImage(Lsun/java2d/SunGraphics2D;Ljava/awt/Image;IILjava/awt/Color;Ljava/awt/image/ImageObserver;)Z+21
j  sun.java2d.SunGraphics2D.drawImage(Ljava/awt/Image;IILjava/awt/Color;Ljava/awt/image/ImageObserver;)Z+65
j  sun.java2d.SunGraphics2D.drawImage(Ljava/awt/Image;IILjava/awt/image/ImageObserver;)Z+7
j  GamePanel.paintScreen()V+24
J  GamePanel.run()V
j  java.lang.Thread.run()V+11
v  ~StubRoutines::call_stub

---------------  P R O C E S S  ---------------

Java Threads: ( => current thread )
  0x00000000001ae800 JavaThread "DestroyJavaVM" [_thread_blocked, id=10436, stack(0x0000000002420000,0x0000000002520000)]
=>0x000000000bf5c800 JavaThread "Thread-2" [_thread_in_native, id=22640, stack(0x0000000010d70000,0x0000000010e70000)]
  0x000000000bf66000 JavaThread "AWT-EventQueue-0" [_thread_blocked, id=15768, stack(0x0000000010280000,0x0000000010380000)]
  0x000000000be14800 JavaThread "AWT-Shutdown" [_thread_blocked, id=9164, stack(0x000000000dc80000,0x000000000dd80000)]
  0x000000000be11800 JavaThread "Java2D Disposer" daemon [_thread_blocked, id=17196, stack(0x000000000db00000,0x000000000dc00000)]
  0x000000000bdb3800 JavaThread "Service Thread" daemon [_thread_blocked, id=8376, stack(0x000000000d8e0000,0x000000000d9e0000)]
  0x000000000bda6000 JavaThread "C2 CompilerThread1" daemon [_thread_blocked, id=17420, stack(0x000000000d7d0000,0x000000000d8d0000)]
  0x000000000ad07000 JavaThread "C2 CompilerThread0" daemon [_thread_blocked, id=7852, stack(0x000000000d560000,0x000000000d660000)]
  0x000000000ad0d800 JavaThread "Attach Listener" daemon [_thread_blocked, id=19260, stack(0x000000000cd40000,0x000000000ce40000)]
  0x000000000ad0c800 JavaThread "Signal Dispatcher" daemon [_thread_blocked, id=13896, stack(0x000000000d380000,0x000000000d480000)]
  0x00000000022bd800 JavaThread "Finalizer" daemon [_thread_blocked, id=3916, stack(0x000000000d250000,0x000000000d350000)]
  0x000000000acf0000 JavaThread "Reference Handler" daemon [_thread_blocked, id=22240, stack(0x000000000d000000,0x000000000d100000)]

Other Threads:
  0x000000000acec800 VMThread [stack: 0x000000000ce40000,0x000000000cf40000] [id=20508]
  0x000000000bdbe800 WatcherThread [stack: 0x000000000d6c0000,0x000000000d7c0000] [id=3216]

VM state:not at safepoint (normal execution)

VM Mutex/Monitor currently owned by a thread: None

Heap
 PSYoungGen      total 36864K, used 11230K [0x00000000d7080000, 0x00000000d9980000, 0x0000000100000000)
  eden space 31744K, 35% used [0x00000000d7080000,0x00000000d7b77a90,0x00000000d8f80000)
  from space 5120K, 0% used [0x00000000d9480000,0x00000000d9480000,0x00000000d9980000)
  to   space 5120K, 0% used [0x00000000d8f80000,0x00000000d8f80000,0x00000000d9480000)
 ParOldGen       total 83456K, used 0K [0x0000000085200000, 0x000000008a380000, 0x00000000d7080000)
  object space 83456K, 0% used [0x0000000085200000,0x0000000085200000,0x000000008a380000)
 PSPermGen       total 21504K, used 7909K [0x0000000080000000, 0x0000000081500000, 0x0000000085200000)
  object space 21504K, 36% used [0x0000000080000000,0x00000000807b9520,0x0000000081500000)

Card table byte_map: [0x00000000055e0000,0x00000000059f0000] byte_map_base: 0x00000000051e0000

Polling page: 0x0000000000120000

Code Cache  [0x0000000002520000, 0x0000000002790000, 0x0000000005520000)
 total_blobs=414 nmethods=28 adapters=338 free_code_cache=48609Kb largest_free_block=49759232

Compilation events (10 events):
Event: 0.193 Thread 0x000000000ad07000 nmethod 22% 0x00000000025a5310 code [0x00000000025a5460, 0x00000000025a5798]
Event: 0.204 Thread 0x000000000bda6000 nmethod 23% 0x00000000025a74d0 code [0x00000000025a7660, 0x00000000025a8228]
Event: 0.205 Thread 0x000000000ad07000   24             Board::copyTiles (49 bytes)
Event: 0.205 Thread 0x000000000bda6000   25             Board::draw (55 bytes)
Event: 0.207 Thread 0x000000000ad07000 nmethod 24 0x00000000025a5a90 code [0x00000000025a5be0, 0x00000000025a5db8]
Event: 0.209 Thread 0x000000000bda6000 nmethod 25 0x00000000025a8a50 code [0x00000000025a8c40, 0x00000000025a9280]
Event: 0.213 Thread 0x000000000ad07000   26 % !         GamePanel::run @ 28 (190 bytes)
Event: 0.214 Thread 0x000000000ad07000 nmethod 26% 0x00000000025a4bd0 code [0x00000000025a4d80, 0x00000000025a4fe0]
Event: 3.574 Thread 0x000000000bda6000   28             Board::update (332 bytes)
Event: 3.585 Thread 0x000000000bda6000 nmethod 28 0x00000000025a1b90 code [0x00000000025a1d20, 0x00000000025a2678]

GC Heap History (0 events):
No events

Deoptimization events (0 events):
No events

Internal exceptions (10 events):
Event: 0.054 Thread 0x00000000001ae800 Threw 0x00000000d70ecff8 at C:\re\jdk7u51\527\hotspot\src\share\vm\prims\jvm.cpp:1244
Event: 0.061 Thread 0x00000000001ae800 Threw 0x00000000d70f6070 at C:\re\jdk7u51\527\hotspot\src\share\vm\prims\jni.cpp:717
Event: 0.074 Thread 0x00000000001ae800 Threw 0x00000000d7113f60 at C:\re\jdk7u51\527\hotspot\src\share\vm\prims\jni.cpp:717
Event: 0.118 Thread 0x00000000001ae800 Threw 0x00000000d7229fa0 at C:\re\jdk7u51\527\hotspot\src\share\vm\prims\jvm.cpp:1244
Event: 0.145 Thread 0x00000000001ae800 Threw 0x00000000d7319c58 at C:\re\jdk7u51\527\hotspot\src\share\vm\prims\jvm.cpp:1244
Event: 0.145 Thread 0x00000000001ae800 Threw 0x00000000d7319d80 at C:\re\jdk7u51\527\hotspot\src\share\vm\prims\jvm.cpp:1244
Event: 0.145 Thread 0x00000000001ae800 Threw 0x00000000d731d2b8 at C:\re\jdk7u51\527\hotspot\src\share\vm\prims\jvm.cpp:1244
Event: 0.145 Thread 0x00000000001ae800 Threw 0x00000000d731d3e0 at C:\re\jdk7u51\527\hotspot\src\share\vm\prims\jvm.cpp:1244
Event: 0.156 Thread 0x000000000bf5c800 Threw 0x00000000d73a0958 at C:\re\jdk7u51\527\hotspot\src\share\vm\prims\jvm.cpp:1244
Event: 0.156 Thread 0x000000000bf5c800 Threw 0x00000000d73a2748 at C:\re\jdk7u51\527\hotspot\src\share\vm\prims\jvm.cpp:1244

Events (10 events):
Event: 3.483 loading class 0x000000000be26d50 done
Event: 3.483 loading class 0x000000000bf05e30 done
Event: 4.140 Executing VM operation: EnableBiasedLocking
Event: 4.140 Executing VM operation: EnableBiasedLocking done
Event: 4.599 Thread 0x000000000c097800 Thread added: 0x000000000c097800
Event: 4.599 Thread 0x000000000c098000 Thread added: 0x000000000c098000
Event: 4.599 Thread 0x000000000c098000 Thread exited: 0x000000000c098000
Event: 4.599 loading class 0x000000000bec5a40
Event: 4.599 Thread 0x000000000bf20000 Thread exited: 0x000000000bf20000
Event: 4.600 loading class 0x000000000bec5a40 done


Dynamic libraries:
0x000000013f020000 - 0x000000013f053000 	C:\Program Files\Java\jre7\bin\javaw.exe
0x0000000077a50000 - 0x0000000077bfa000 	C:\Windows\SYSTEM32\ntdll.dll
0x0000000077830000 - 0x000000007794f000 	C:\Windows\system32\kernel32.dll
0x000007fefdbc0000 - 0x000007fefdc2b000 	C:\Windows\system32\KERNELBASE.dll
0x000007fefe0b0000 - 0x000007fefe18b000 	C:\Windows\system32\ADVAPI32.dll
0x000007fefdd70000 - 0x000007fefde0f000 	C:\Windows\system32\msvcrt.dll
0x000007fefe1b0000 - 0x000007fefe1cf000 	C:\Windows\SYSTEM32\sechost.dll
0x000007feff510000 - 0x000007feff63d000 	C:\Windows\system32\RPCRT4.dll
0x0000000077950000 - 0x0000000077a4a000 	C:\Windows\system32\USER32.dll
0x000007fefdc30000 - 0x000007fefdc97000 	C:\Windows\system32\GDI32.dll
0x000007feff640000 - 0x000007feff64e000 	C:\Windows\system32\LPK.dll
0x000007fefdca0000 - 0x000007fefdd69000 	C:\Windows\system32\USP10.dll
0x000007fefba20000 - 0x000007fefbc14000 	C:\Windows\WinSxS\amd64_microsoft.windows.common-controls_6595b64144ccf1df_6.0.7601.17514_none_fa396087175ac9ac\COMCTL32.dll
0x000007fefefe0000 - 0x000007feff051000 	C:\Windows\system32\SHLWAPI.dll
0x000007feff060000 - 0x000007feff08e000 	C:\Windows\system32\IMM32.DLL
0x000007fefdef0000 - 0x000007fefdff9000 	C:\Windows\system32\MSCTF.dll
0x000000006a370000 - 0x000000006a442000 	C:\Program Files\Java\jre7\bin\msvcr100.dll
0x000000006e9a0000 - 0x000000006f169000 	C:\Program Files\Java\jre7\bin\server\jvm.dll
0x000007fedb240000 - 0x000007fedb249000 	C:\Windows\system32\WSOCK32.dll
0x000007feff650000 - 0x000007feff69d000 	C:\Windows\system32\WS2_32.dll
0x000007fefe000000 - 0x000007fefe008000 	C:\Windows\system32\NSI.dll
0x000007fefa310000 - 0x000007fefa34b000 	C:\Windows\system32\WINMM.dll
0x0000000077c10000 - 0x0000000077c17000 	C:\Windows\system32\PSAPI.DLL
0x000000006ddd0000 - 0x000000006dddf000 	C:\Program Files\Java\jre7\bin\verify.dll
0x000000006d470000 - 0x000000006d498000 	C:\Program Files\Java\jre7\bin\java.dll
0x000000006dd40000 - 0x000000006dd55000 	C:\Program Files\Java\jre7\bin\zip.dll
0x000000005f6b0000 - 0x000000005f845000 	C:\Program Files\Java\jre7\bin\awt.dll
0x000007fefde10000 - 0x000007fefdee7000 	C:\Windows\system32\OLEAUT32.dll
0x000007feff6a0000 - 0x000007feff8a3000 	C:\Windows\system32\ole32.dll
0x000007fefb5b0000 - 0x000007fefb5c8000 	C:\Windows\system32\DWMAPI.DLL
0x000007fefb980000 - 0x000007fefb9d6000 	C:\Windows\system32\uxtheme.dll
0x000007fefd7d0000 - 0x000007fefd7df000 	C:\Windows\system32\CRYPTBASE.dll
0x000007fefc940000 - 0x000007fefc94c000 	C:\Windows\system32\VERSION.dll
0x000007fefe1d0000 - 0x000007fefef59000 	C:\Windows\system32\Shell32.dll
0x0000000180000000 - 0x0000000180141000 	C:\Windows\system32\nvspcap64.dll
0x000007fefd950000 - 0x000007fefdabc000 	C:\Windows\system32\CRYPT32.dll
0x000007fefd8a0000 - 0x000007fefd8af000 	C:\Windows\system32\MSASN1.dll
0x000007fef9940000 - 0x000007fef9c5d000 	C:\Windows\system32\nvapi64.dll
0x000007feff2d0000 - 0x000007feff4a7000 	C:\Windows\system32\SETUPAPI.dll
0x000007fefd8d0000 - 0x000007fefd906000 	C:\Windows\system32\CFGMGR32.dll
0x000007fefdba0000 - 0x000007fefdbba000 	C:\Windows\system32\DEVOBJ.dll
0x000007fed15d0000 - 0x000007fed1738000 	C:\Program Files (x86)\NVIDIA Corporation\3D Vision\nvSCPAPI64.dll
0x000000006cd60000 - 0x000000006cda7000 	C:\Program Files\Java\jre7\bin\fontmanager.dll
0x000007fefe010000 - 0x000007fefe0a9000 	C:\Windows\system32\CLBCatQ.DLL
0x000000006d450000 - 0x000000006d469000 	C:\Program Files\Java\jre7\bin\net.dll
0x000007fefd070000 - 0x000007fefd0c5000 	C:\Windows\system32\mswsock.dll
0x000007fefd060000 - 0x000007fefd067000 	C:\Windows\System32\wship6.dll
0x000000006d3d0000 - 0x000000006d3e1000 	C:\Program Files\Java\jre7\bin\nio.dll
0x000000006cd10000 - 0x000000006cd51000 	C:\Program Files\Java\jre7\bin\t2k.dll
0x000007fefa7c0000 - 0x000007fefa8e5000 	C:\Windows\system32\dbghelp.dll

VM Arguments:
jvm_args: -Dfile.encoding=Cp1255 
java_command: Main
Launcher Type: SUN_STANDARD

Environment Variables:
JAVA_HOME=C:\Program Files\Java\jdk1.8.0_05
PATH=C:\ProgramData\Oracle\Java\javapath;C:\Program Files\Java\jdk1.8.0_05\bin;C:\Program Files\NVIDIA GPU Computing Toolkit\CUDA\v5.5\bin;C:\Program Files\NVIDIA GPU Computing Toolkit\CUDA\v5.5\libnvvp;C:\Program Files (x86)\NVIDIA Corporation\PhysX\Common;C:\Program Files (x86)\Intel\iCLS Client\;C:\Program Files\Intel\iCLS Client\;C:\Windows\system32;C:\Windows;C:\Windows\System32\Wbem;C:\Windows\System32\WindowsPowerShell\v1.0\;C:\Program Files (x86)\Windows Kits\8.1\Windows Performance Toolkit\;C:\Program Files\Microsoft SQL Server\110\Tools\Binn\;C:\Program Files\Microsoft SQL Server\110\DTS\Binn\;C:\Program Files (x86)\Microsoft SQL Server\110\Tools\Binn\;C:\Program Files (x86)\Microsoft SQL Server\110\Tools\Binn\ManagementStudio\;C:\Program Files (x86)\Microsoft Visual Studio 10.0\Common7\IDE\PrivateAssemblies\;C:\Program Files (x86)\Microsoft SQL Server\110\DTS\Binn\;C:\Program Files\MATLAB\R2011a\runtime\win64;C:\Program Files\MATLAB\R2011a\bin;C:\Program Files\Microsoft\Web Platform Installer\;C:\Program Files (x86)\Microsoft ASP.NET\ASP.NET Web Pages\v1.0\;C:\Program Files\Intel\Intel(R) Management Engine Components\DAL;C:\Program Files\Intel\Intel(R) Management Engine Components\IPT;C:\Program Files (x86)\Intel\Intel(R) Management Engine Components\DAL;C:\Program Files (x86)\Intel\Intel(R) Management Engine Components\IPT;C:\cygwin64\bin;C:\cygwin64\bin\apt-cyg;C:\Program Files (x86)\Tesseract-OCR;C:\Program Files\nodejs\;C:\Users\VladAndTali\Desktop\adt-bundle-windows-x86_64-20140321\sdk\tools;C:\Users\VladAndTali\Desktop\adt-bundle-windows-x86_64-20140321\sdk\platform-tools;C:\Users\VladAndTali\AppData\Roaming\npm\node_modules\ant\ant\bin;C:\Program Files\nodejs\;C:\Users\VladAndTali\AppData\Roaming\npm
USERNAME=Vlad&Tali
OS=Windows_NT
PROCESSOR_IDENTIFIER=Intel64 Family 6 Model 60 Stepping 3, GenuineIntel



---------------  S Y S T E M  ---------------

OS: Windows 7 , 64 bit Build 7601 Service Pack 1

CPU:total 8 (4 cores per cpu, 2 threads per core) family 6 model 60 stepping 3, cmov, cx8, fxsr, mmx, sse, sse2, sse3, ssse3, sse4.1, sse4.2, popcnt, avx, avx2, aes, erms, ht, tsc, tscinvbit

Memory: 4k page, physical 8050740k(982020k free), swap 19453052k(4996408k free)

vm_info: Java HotSpot(TM) 64-Bit Server VM (24.51-b03) for windows-amd64 JRE (1.7.0_51-b13), built on Dec 18 2013 18:40:56 by "java_re" with unknown MS VC++:1600

time: Wed Oct 29 07:40:31 2014
elapsed time: 4 seconds

